
7월 01, 2022 10:07:26.649 NEW SESSION
7월 01, 2022 10:07:26.649 [4324:12280:0701/100726.639:ERROR:device_event_log_impl.cc(214)] [10:07:26.639] Bluetooth: bluetooth_adapter_winrt.cc:1074 Getting Default Adapter failed.
7월 01, 2022 10:08:24.599 [4324:11588:0701/100824.599:ERROR:util.cc(127)] Can't create base directory: C:\Program Files\Google\GoogleUpdater
7월 01, 2022 10:16:25.190 [1648:12000:0701/101625.189:ERROR:device_event_log_impl.cc(214)] [10:16:25.189] Bluetooth: bluetooth_adapter_winrt.cc:1074 Getting Default Adapter failed.
7월 01, 2022 10:17:23.147 [1648:6492:0701/101723.146:ERROR:util.cc(127)] Can't create base directory: C:\Program Files\Google\GoogleUpdater

7월 01, 2022 12:07:04.833 NEW SESSION
7월 01, 2022 12:07:04.833 [3248:968:0701/120704.830:ERROR:device_event_log_impl.cc(214)] [12:07:04.830] Bluetooth: bluetooth_adapter_winrt.cc:1074 Getting Default Adapter failed.
7월 01, 2022 12:08:02.663 [3248:1096:0701/120802.663:ERROR:util.cc(127)] Can't create base directory: C:\Program Files\Google\GoogleUpdater

7월 01, 2022 12:49:34.277 NEW SESSION
7월 01, 2022 12:49:34.277 [9536:9540:0701/124934.274:ERROR:device_event_log_impl.cc(214)] [12:49:34.273] Bluetooth: bluetooth_adapter_winrt.cc:1074 Getting Default Adapter failed.
7월 01, 2022 12:50:30.223 [9536:9648:0701/125030.223:ERROR:util.cc(127)] Can't create base directory: C:\Program Files\Google\GoogleUpdater

7월 07, 2022 22:47:20.755 NEW SESSION
7월 07, 2022 22:47:20.755 [4688:3664:0707/224720.753:ERROR:device_event_log_impl.cc(214)] [22:47:20.753] Bluetooth: bluetooth_adapter_winrt.cc:1074 Getting Default Adapter failed.
7월 07, 2022 23:30:26.115 [17380:16800:0707/233026.115:ERROR:device_event_log_impl.cc(214)] [23:30:26.114] Bluetooth: bluetooth_adapter_winrt.cc:1074 Getting Default Adapter failed.
7월 07, 2022 23:30:51.648 [6760:14704:0707/233051.648:ERROR:device_event_log_impl.cc(214)] [23:30:51.648] Bluetooth: bluetooth_adapter_winrt.cc:1074 Getting Default Adapter failed.
7월 07, 2022 23:34:44.219 [10916:14812:0707/233444.219:ERROR:device_event_log_impl.cc(214)] [23:34:44.219] Bluetooth: bluetooth_adapter_winrt.cc:1074 Getting Default Adapter failed.
7월 08, 2022 24:11:12.177 [4428:11868:0708/001112.176:ERROR:device_event_log_impl.cc(214)] [00:11:12.176] Bluetooth: bluetooth_adapter_winrt.cc:1074 Getting Default Adapter failed.
7월 08, 2022 24:13:58.890 [17576:10076:0708/001358.890:ERROR:device_event_log_impl.cc(214)] [00:13:58.889] Bluetooth: bluetooth_adapter_winrt.cc:1074 Getting Default Adapter failed.

7월 08, 2022 09:46:23.199 NEW SESSION
7월 08, 2022 09:46:23.199 [1108:7712:0708/094623.198:ERROR:device_event_log_impl.cc(214)] [09:46:23.197] Bluetooth: bluetooth_adapter_winrt.cc:1074 Getting Default Adapter failed.
7월 08, 2022 09:47:19.892 [1108:7244:0708/094719.892:ERROR:util.cc(127)] Can't create base directory: C:\Program Files\Google\GoogleUpdater
7월 08, 2022 10:22:06.749 [5504:8512:0708/102206.748:ERROR:device_event_log_impl.cc(214)] [10:22:06.747] Bluetooth: bluetooth_adapter_winrt.cc:1074 Getting Default Adapter failed.
7월 08, 2022 10:23:04.693 [5504:4840:0708/102304.693:ERROR:util.cc(127)] Can't create base directory: C:\Program Files\Google\GoogleUpdater
7월 08, 2022 10:56:32.843 [5504:8512:0708/105632.843:ERROR:interface_endpoint_client.cc(665)] Message 0 rejected by interface blink.mojom.WidgetHost
7월 08, 2022 11:02:33.24 [9912:7112:0708/110233.024:ERROR:device_event_log_impl.cc(214)] [11:02:33.024] Bluetooth: bluetooth_adapter_winrt.cc:1074 Getting Default Adapter failed.
7월 08, 2022 11:03:29.934 [9912:1800:0708/110329.934:ERROR:util.cc(127)] Can't create base directory: C:\Program Files\Google\GoogleUpdater
7월 08, 2022 11:05:08.444 [8988:7940:0708/110508.444:ERROR:device_event_log_impl.cc(214)] [11:05:08.444] Bluetooth: bluetooth_adapter_winrt.cc:1074 Getting Default Adapter failed.
7월 08, 2022 11:06:06.274 [8988:1664:0708/110606.274:ERROR:util.cc(127)] Can't create base directory: C:\Program Files\Google\GoogleUpdater
7월 08, 2022 11:06:13.514 [8988:7940:0708/110613.514:ERROR:sharing_service.cc(252)] Device un-registration failed with fatal error

7월 09, 2022 23:16:21.388 NEW SESSION
7월 09, 2022 23:16:21.388 [7768:11368:0709/231621.387:ERROR:device_event_log_impl.cc(214)] [23:16:21.386] Bluetooth: bluetooth_adapter_winrt.cc:1074 Getting Default Adapter failed.
7월 09, 2022 23:43:47.173 [16968:13244:0709/234347.172:ERROR:device_event_log_impl.cc(214)] [23:43:47.171] Bluetooth: bluetooth_adapter_winrt.cc:1074 Getting Default Adapter failed.
7월 10, 2022 24:00:49.475 [15508:3484:0710/000049.474:ERROR:device_event_log_impl.cc(214)] [00:00:49.474] Bluetooth: bluetooth_adapter_winrt.cc:1074 Getting Default Adapter failed.
7월 10, 2022 24:56:01.991 [15508:3484:0710/005601.990:ERROR:device_event_log_impl.cc(214)] [00:56:01.990] USB: usb_service_win.cc:104 SetupDiGetDeviceProperty({{A45C254E-DF1C-4EFD-8020-67D146A850E0}, 6}) failed: 요소가 없습니다. (0x490)
7월 10, 2022 01:08:39.912 [17884:15340:0710/010839.912:ERROR:device_event_log_impl.cc(214)] [01:08:39.913] Bluetooth: bluetooth_adapter_winrt.cc:1074 Getting Default Adapter failed.
7월 10, 2022 01:13:10.29 [2772:3056:0710/011310.029:ERROR:device_event_log_impl.cc(214)] [01:13:10.028] Bluetooth: bluetooth_adapter_winrt.cc:1074 Getting Default Adapter failed.

7월 10, 2022 16:54:08.827 NEW SESSION
7월 10, 2022 16:54:08.827 [13900:17456:0710/165408.826:ERROR:device_event_log_impl.cc(214)] [16:54:08.826] Bluetooth: bluetooth_adapter_winrt.cc:1074 Getting Default Adapter failed.
7월 10, 2022 17:05:22.827 [15356:10568:0710/170522.826:ERROR:device_event_log_impl.cc(214)] [17:05:22.827] Bluetooth: bluetooth_adapter_winrt.cc:1074 Getting Default Adapter failed.
7월 10, 2022 17:06:48.108 [12828:8068:0710/170648.107:ERROR:device_event_log_impl.cc(214)] [17:06:48.107] Bluetooth: bluetooth_adapter_winrt.cc:1074 Getting Default Adapter failed.
7월 10, 2022 17:08:54.878 [9904:2124:0710/170854.878:ERROR:device_event_log_impl.cc(214)] [17:08:54.877] Bluetooth: bluetooth_adapter_winrt.cc:1074 Getting Default Adapter failed.
7월 10, 2022 17:09:26.731 [9692:11352:0710/170926.731:ERROR:device_event_log_impl.cc(214)] [17:09:26.731] Bluetooth: bluetooth_adapter_winrt.cc:1074 Getting Default Adapter failed.
7월 10, 2022 17:11:28.570 [16224:16516:0710/171128.570:ERROR:device_event_log_impl.cc(214)] [17:11:28.570] Bluetooth: bluetooth_adapter_winrt.cc:1074 Getting Default Adapter failed.
7월 10, 2022 17:24:37.314 [12532:9800:0710/172437.314:ERROR:device_event_log_impl.cc(214)] [17:24:37.313] Bluetooth: bluetooth_adapter_winrt.cc:1074 Getting Default Adapter failed.
7월 10, 2022 17:27:39.653 [8412:556:0710/172739.653:ERROR:device_event_log_impl.cc(214)] [17:27:39.653] Bluetooth: bluetooth_adapter_winrt.cc:1074 Getting Default Adapter failed.
7월 10, 2022 17:30:10.390 [16656:15784:0710/173010.390:ERROR:device_event_log_impl.cc(214)] [17:30:10.389] Bluetooth: bluetooth_adapter_winrt.cc:1074 Getting Default Adapter failed.
7월 10, 2022 17:30:37.90 [9728:10972:0710/173037.090:ERROR:device_event_log_impl.cc(214)] [17:30:37.090] Bluetooth: bluetooth_adapter_winrt.cc:1074 Getting Default Adapter failed.
7월 10, 2022 17:34:49.98 [7932:2620:0710/173449.097:ERROR:device_event_log_impl.cc(214)] [17:34:49.097] Bluetooth: bluetooth_adapter_winrt.cc:1074 Getting Default Adapter failed.
7월 10, 2022 17:35:04.836 [1340:17740:0710/173504.836:ERROR:device_event_log_impl.cc(214)] [17:35:04.836] Bluetooth: bluetooth_adapter_winrt.cc:1074 Getting Default Adapter failed.

7월 10, 2022 17:37:04.590 NEW SESSION
7월 10, 2022 17:37:04.590 [11448:7644:0710/173704.589:ERROR:device_event_log_impl.cc(214)] [17:37:04.589] Bluetooth: bluetooth_adapter_winrt.cc:1074 Getting Default Adapter failed.
7월 10, 2022 17:37:57.325 [12088:16804:0710/173757.325:ERROR:device_event_log_impl.cc(214)] [17:37:57.325] Bluetooth: bluetooth_adapter_winrt.cc:1074 Getting Default Adapter failed.
7월 10, 2022 17:38:22.309 [5048:424:0710/173822.308:ERROR:device_event_log_impl.cc(214)] [17:38:22.308] Bluetooth: bluetooth_adapter_winrt.cc:1074 Getting Default Adapter failed.
7월 10, 2022 17:45:51.46 [4672:9824:0710/174551.045:ERROR:device_event_log_impl.cc(214)] [17:45:51.046] Bluetooth: bluetooth_adapter_winrt.cc:1074 Getting Default Adapter failed.
7월 10, 2022 17:47:41.426 [14304:16788:0710/174741.426:ERROR:device_event_log_impl.cc(214)] [17:47:41.425] Bluetooth: bluetooth_adapter_winrt.cc:1074 Getting Default Adapter failed.
7월 10, 2022 17:54:41.240 [272:11980:0710/175441.239:ERROR:device_event_log_impl.cc(214)] [17:54:41.239] Bluetooth: bluetooth_adapter_winrt.cc:1074 Getting Default Adapter failed.
